c:\users\박경원\documents\visual studio 2015\projects\assn4 (1)\assn3\assn3\debug\vc140.pdb
c:\users\박경원\documents\visual studio 2015\projects\assn4 (1)\assn3\assn3\debug\vc140.idb
c:\users\박경원\documents\visual studio 2015\projects\assn4 (1)\assn3\assn3\debug\assn3.obj
c:\users\박경원\documents\visual studio 2015\projects\assn4 (1)\assn3\assn3\debug\ct.obj
c:\users\박경원\documents\visual studio 2015\projects\assn4 (1)\assn3\assn3\debug\game.obj
c:\users\박경원\documents\visual studio 2015\projects\assn4 (1)\assn3\assn3\debug\initshader.obj
c:\users\박경원\documents\visual studio 2015\projects\assn4 (1)\assn3\assn3\debug\lodepng.obj
c:\users\박경원\documents\visual studio 2015\projects\assn4 (1)\assn3\assn3\debug\map.obj
c:\users\박경원\documents\visual studio 2015\projects\assn4 (1)\assn3\assn3\debug\player.obj
c:\users\박경원\documents\visual studio 2015\projects\assn4 (1)\assn3\assn3\debug\rf.obj
c:\users\박경원\documents\visual studio 2015\projects\assn4 (1)\assn3\assn3\debug\texture.obj
c:\users\박경원\documents\visual studio 2015\projects\assn4 (1)\assn3\debug\assn3.ilk
c:\users\박경원\documents\visual studio 2015\projects\assn4 (1)\assn3\debug\assn3.exe
c:\users\박경원\documents\visual studio 2015\projects\assn4 (1)\assn3\debug\assn3.pdb
c:\users\박경원\documents\visual studio 2015\projects\assn4 (1)\assn3\assn3\debug\clt.obj
c:\users\박경원\documents\visual studio 2015\projects\assn4 (1)\assn3\assn3\debug\rrf.obj
c:\users\박경원\documents\visual studio 2015\projects\assn4 (1)\assn3\assn3\debug\assn3.tlog\cl.command.1.tlog
c:\users\박경원\documents\visual studio 2015\projects\assn4 (1)\assn3\assn3\debug\assn3.tlog\cl.read.1.tlog
c:\users\박경원\documents\visual studio 2015\projects\assn4 (1)\assn3\assn3\debug\assn3.tlog\cl.write.1.tlog
c:\users\박경원\documents\visual studio 2015\projects\assn4 (1)\assn3\assn3\debug\assn3.tlog\link.command.1.tlog
c:\users\박경원\documents\visual studio 2015\projects\assn4 (1)\assn3\assn3\debug\assn3.tlog\link.read.1.tlog
c:\users\박경원\documents\visual studio 2015\projects\assn4 (1)\assn3\assn3\debug\assn3.tlog\link.write.1.tlog
