  assn2.cpp
c:\users\박경원\documents\visual studio 2015\projects\gl_assn2\gl_assn2\angel.h(63): warning C4305: '초기화 중': 'double'에서 'GLfloat'(으)로 잘립니다.
c:\users\박경원\documents\visual studio 2015\projects\gl_assn2\gl_assn2\mat.h(707): warning C4244: '=': 'double'에서 'GLfloat'(으)로 변환하면서 데이터가 손실될 수 있습니다.
c:\users\박경원\documents\visual studio 2015\projects\gl_assn2\gl_assn2\mat.h(708): warning C4244: '=': 'double'에서 'GLfloat'(으)로 변환하면서 데이터가 손실될 수 있습니다.
c:\users\박경원\documents\visual studio 2015\projects\gl_assn2\gl_assn2\mat.h(709): warning C4244: '=': 'double'에서 'GLfloat'(으)로 변환하면서 데이터가 손실될 수 있습니다.
c:\users\박경원\documents\visual studio 2015\projects\gl_assn2\gl_assn2\mat.h(730): warning C4244: '=': 'double'에서 'GLfloat'(으)로 변환하면서 데이터가 손실될 수 있습니다.
c:\users\박경원\documents\visual studio 2015\projects\gl_assn2\gl_assn2\mat.h(732): warning C4244: '=': 'double'에서 'GLfloat'(으)로 변환하면서 데이터가 손실될 수 있습니다.
c:\users\박경원\documents\visual studio 2015\projects\gl_assn2\gl_assn2\mat.h(735): warning C4244: '=': 'double'에서 'GLfloat'(으)로 변환하면서 데이터가 손실될 수 있습니다.
c:\users\박경원\documents\visual studio 2015\projects\gl_assn2\gl_assn2\mat.h(752): warning C4244: '=': 'double'에서 'GLfloat'(으)로 변환하면서 데이터가 손실될 수 있습니다.
c:\users\박경원\documents\visual studio 2015\projects\gl_assn2\gl_assn2\assn2.cpp(26): warning C4305: '인수': 'double'에서 'const GLfloat'(으)로 잘립니다.
c:\users\박경원\documents\visual studio 2015\projects\gl_assn2\gl_assn2\assn2.cpp(30): warning C4305: '인수': 'double'에서 'const GLfloat'(으)로 잘립니다.
c:\users\박경원\documents\visual studio 2015\projects\gl_assn2\gl_assn2\assn2.cpp(34): warning C4305: '인수': 'double'에서 'const GLfloat'(으)로 잘립니다.
c:\users\박경원\documents\visual studio 2015\projects\gl_assn2\gl_assn2\assn2.cpp(42): warning C4305: '+=': 'double'에서 'float'(으)로 잘립니다.
c:\users\박경원\documents\visual studio 2015\projects\gl_assn2\gl_assn2\assn2.cpp(46): warning C4305: '인수': 'double'에서 'const GLfloat'(으)로 잘립니다.
c:\users\박경원\documents\visual studio 2015\projects\gl_assn2\gl_assn2\assn2.cpp(50): warning C4305: '인수': 'double'에서 'const GLfloat'(으)로 잘립니다.
c:\users\박경원\documents\visual studio 2015\projects\gl_assn2\gl_assn2\assn2.cpp(53): warning C4305: '인수': 'double'에서 'const GLfloat'(으)로 잘립니다.
c:\users\박경원\documents\visual studio 2015\projects\gl_assn2\gl_assn2\assn2.cpp(57): warning C4305: '인수': 'double'에서 'const GLfloat'(으)로 잘립니다.
c:\users\박경원\documents\visual studio 2015\projects\gl_assn2\gl_assn2\assn2.cpp(60): warning C4305: '인수': 'double'에서 'const GLfloat'(으)로 잘립니다.
c:\users\박경원\documents\visual studio 2015\projects\gl_assn2\gl_assn2\assn2.cpp(64): warning C4305: '인수': 'double'에서 'const GLfloat'(으)로 잘립니다.
c:\users\박경원\documents\visual studio 2015\projects\gl_assn2\gl_assn2\assn2.cpp(73): warning C4305: '+=': 'double'에서 'float'(으)로 잘립니다.
c:\users\박경원\documents\visual studio 2015\projects\gl_assn2\gl_assn2\assn2.cpp(77): warning C4305: '인수': 'double'에서 'const GLfloat'(으)로 잘립니다.
c:\users\박경원\documents\visual studio 2015\projects\gl_assn2\gl_assn2\assn2.cpp(81): warning C4305: '인수': 'double'에서 'const GLfloat'(으)로 잘립니다.
c:\users\박경원\documents\visual studio 2015\projects\gl_assn2\gl_assn2\assn2.cpp(84): warning C4305: '인수': 'double'에서 'const GLfloat'(으)로 잘립니다.
c:\users\박경원\documents\visual studio 2015\projects\gl_assn2\gl_assn2\assn2.cpp(88): warning C4305: '인수': 'double'에서 'const GLfloat'(으)로 잘립니다.
c:\users\박경원\documents\visual studio 2015\projects\gl_assn2\gl_assn2\assn2.cpp(91): warning C4305: '인수': 'double'에서 'const GLfloat'(으)로 잘립니다.
c:\users\박경원\documents\visual studio 2015\projects\gl_assn2\gl_assn2\assn2.cpp(95): warning C4305: '인수': 'double'에서 'const GLfloat'(으)로 잘립니다.
c:\users\박경원\documents\visual studio 2015\projects\gl_assn2\gl_assn2\assn2.cpp(98): warning C4305: '인수': 'double'에서 'const GLfloat'(으)로 잘립니다.
c:\users\박경원\documents\visual studio 2015\projects\gl_assn2\gl_assn2\assn2.cpp(108): warning C4244: '초기화 중': 'double'에서 'float'(으)로 변환하면서 데이터가 손실될 수 있습니다.
c:\users\박경원\documents\visual studio 2015\projects\gl_assn2\gl_assn2\assn2.cpp(114): warning C4305: '+=': 'double'에서 'float'(으)로 잘립니다.
c:\users\박경원\documents\visual studio 2015\projects\gl_assn2\gl_assn2\assn2.cpp(116): warning C4305: '-=': 'double'에서 'float'(으)로 잘립니다.
c:\users\박경원\documents\visual studio 2015\projects\gl_assn2\gl_assn2\assn2.cpp(121): warning C4305: '-=': 'double'에서 'float'(으)로 잘립니다.
c:\users\박경원\documents\visual studio 2015\projects\gl_assn2\gl_assn2\assn2.cpp(123): warning C4305: '+=': 'double'에서 'float'(으)로 잘립니다.
c:\users\박경원\documents\visual studio 2015\projects\gl_assn2\gl_assn2\assn2.cpp(127): warning C4305: '+=': 'double'에서 'float'(으)로 잘립니다.
c:\users\박경원\documents\visual studio 2015\projects\gl_assn2\gl_assn2\assn2.cpp(130): warning C4305: '-=': 'double'에서 'float'(으)로 잘립니다.
c:\users\박경원\documents\visual studio 2015\projects\gl_assn2\gl_assn2\assn2.cpp(137): warning C4244: '=': 'double'에서 'float'(으)로 변환하면서 데이터가 손실될 수 있습니다.
c:\users\박경원\documents\visual studio 2015\projects\gl_assn2\gl_assn2\assn2.cpp(148): warning C4244: '=': 'double'에서 'float'(으)로 변환하면서 데이터가 손실될 수 있습니다.
c:\users\박경원\documents\visual studio 2015\projects\gl_assn2\gl_assn2\assn2.cpp(155): warning C4305: '-=': 'double'에서 'float'(으)로 잘립니다.
c:\users\박경원\documents\visual studio 2015\projects\gl_assn2\gl_assn2\assn2.cpp(159): warning C4305: '인수': 'double'에서 'const GLfloat'(으)로 잘립니다.
c:\users\박경원\documents\visual studio 2015\projects\gl_assn2\gl_assn2\assn2.cpp(163): warning C4305: '인수': 'double'에서 'const GLfloat'(으)로 잘립니다.
c:\users\박경원\documents\visual studio 2015\projects\gl_assn2\gl_assn2\assn2.cpp(167): warning C4305: '인수': 'double'에서 'const GLfloat'(으)로 잘립니다.
c:\users\박경원\documents\visual studio 2015\projects\gl_assn2\gl_assn2\assn2.cpp(171): warning C4305: '인수': 'double'에서 'const GLfloat'(으)로 잘립니다.
c:\users\박경원\documents\visual studio 2015\projects\gl_assn2\gl_assn2\assn2.cpp(182): warning C4244: '인수': 'time_t'에서 'unsigned int'(으)로 변환하면서 데이터가 손실될 수 있습니다.
  gl_assn2.vcxproj -> C:\Users\박경원\Documents\Visual Studio 2015\Projects\gl_assn2\Debug\gl_assn2.exe
